<?xml version="1.0" encoding="utf-8"?><testsuites name="pytest tests"><testsuite name="pytest" errors="0" failures="0" skipped="1" tests="198" time="31.515" timestamp="2026-09-14T00:24:22.162724+08:00" hostname="BANEYNEY"><testcase classname="tests.test_attribution_integrity.IntegrityTests" name="test_invented_context_removed" time="0.001" /><testcase classname="tests.test_attribution_integrity.IntegrityTests" name="test_real_context_and_negation_preserved" time="0.001" /><testcase classname="tests.test_claim_context" name="test_referential_investigation_requires_its_incident_subject" time="0.002" /><testcase classname="tests.test_claim_context" name="test_standalone_ruling_does_not_require_victim_name" time="0.001" /><testcase classname="tests.test_claim_context" name="test_ambiguous_or_absent_identity_is_not_invented" time="0.001" /><testcase classname="tests.test_claim_coverage" name="test_rejected_merge_preserves_validated_inventory" time="0.003" /><testcase classname="tests.test_claim_coverage" name="test_no_ten_claim_truncation" time="0.003" /><testcase classname="tests.test_claim_coverage" name="test_profiler_does_not_drop_sentences_after_thirty" time="0.004" /><testcase classname="tests.test_claim_coverage" name="test_deduplication_preserves_late_qualifiers_and_negation" time="0.001" /><testcase classname="tests.test_claim_coverage" name="test_quote_punctuation_duplicate_but_different_speaker_is_not" time="0.001" /><testcase classname="tests.test_claim_coverage" name="test_ledger_rejects_missing_sentences_or_unlinked_claims" time="0.001" /><testcase classname="tests.test_claim_coverage" name="test_source_provenance_is_original_unicode_not_model_regeneration" time="0.001" /><testcase classname="tests.test_claim_coverage" name="test_single_assertion_cannot_drop_its_cited_rationale" time="0.002" /><testcase classname="tests.test_claim_coverage" name="test_embedded_verdict_is_not_restored_as_the_proposition_to_verify" time="0.001" /><testcase classname="tests.test_claim_coverage" name="test_reviewed_inventory_not_overwritten_by_longer_local_fallback" time="0.005" /><testcase classname="tests.test_claim_coverage" name="test_claim_cache_separates_identical_words_in_different_events" time="0.001" /><testcase classname="tests.test_claim_coverage" name="test_grouping_merges_incident_and_splits_distinct_actions_without_losing_sources" time="0.002" /><testcase classname="tests.test_claim_coverage" name="test_grouping_cannot_merge_a_speaker_report_with_an_underlying_fact" time="0.001" /><testcase classname="tests.test_claim_extraction_decomposition.ClaimExtractionDecompositionTests" name="test_full_original_post_matches_manual_claim_count" time="0.002"><skipped type="pytest.skip" message="Fill in FULL_POST and EXPECTED_COUNT after manual read-through.">C:\Users\aquarius12\Documents\Codex\2026-07-02\hi-2\iris\iris-backend\tests\test_claim_extraction_decomposition.py:72: Fill in FULL_POST and EXPECTED_COUNT after manual read-through.</skipped></testcase><testcase classname="tests.test_claim_extraction_decomposition.ClaimExtractionDecompositionTests" name="test_pardon_sentence_alone_yields_three_claims" time="0.012" /><testcase classname="tests.test_claim_extraction_decomposition.ClaimExtractionDecompositionTests" name="test_pardon_sentence_with_plain_neighbors_still_yields_three_claims" time="0.008" /><testcase classname="tests.test_claim_extraction_decomposition.ClaimExtractionDecompositionTests" name="test_two_dense_sentences_together_yield_four_claims" time="0.011" /><testcase classname="tests.test_component_evidence.ComponentTests" name="test_api_failure_is_not_a_verdict" time="0.002" /><testcase classname="tests.test_component_evidence.ComponentTests" name="test_both_requests_explicitly_request_json" time="0.003" /><testcase classname="tests.test_component_evidence.ComponentTests" name="test_broken_partition_never_reaches_evidence_assessment" time="0.002" /><testcase classname="tests.test_component_evidence.ComponentTests" name="test_component_maps_cannot_omit_or_repeat_ids" time="0.003" /><testcase classname="tests.test_component_evidence.ComponentTests" name="test_different_year_cannot_pass_even_when_model_approves" time="0.002" /><testcase classname="tests.test_component_evidence.ComponentTests" name="test_failure_cannot_reuse_positive_fallback_or_write_cache" time="0.003" /><testcase classname="tests.test_component_evidence.ComponentTests" name="test_full_and_partial_support" time="0.001" /><testcase classname="tests.test_component_evidence.ComponentTests" name="test_http_error_has_no_verdict_or_evidence" time="0.010" /><testcase classname="tests.test_component_evidence.ComponentTests" name="test_incomplete_review_cannot_be_accepted" time="0.002" /><testcase classname="tests.test_component_evidence.ComponentTests" name="test_independent_check_receives_unverified_context_and_cannot_reuse_proposed_verdict" time="0.003" /><testcase classname="tests.test_component_evidence.ComponentTests" name="test_internal_breakpoints_always_retain_the_final_clause" time="0.002" /><testcase classname="tests.test_component_evidence.ComponentTests" name="test_invalid_boundary_ids_cannot_drop_text" time="0.003" /><testcase classname="tests.test_component_evidence.ComponentTests" name="test_invented_url_and_passage_rejected" time="0.002" /><testcase classname="tests.test_component_evidence.ComponentTests" name="test_malformed_assessment_is_a_processing_failure" time="0.002" /><testcase classname="tests.test_component_evidence.ComponentTests" name="test_model_schema_only_allows_real_passage_ids_for_each_component" time="0.002" /><testcase classname="tests.test_component_evidence.ComponentTests" name="test_omitted_or_rewritten_component_rejected" time="0.002" /><testcase classname="tests.test_component_evidence.ComponentTests" name="test_possessive_cannot_be_split_from_its_object" time="0.001" /><testcase classname="tests.test_component_evidence.ComponentTests" name="test_rate_limit_remains_a_clear_technical_error" time="0.002" /><testcase classname="tests.test_component_evidence.ComponentTests" name="test_real_passage_from_wrong_event_cannot_support_investigation" time="0.001" /><testcase classname="tests.test_component_evidence.ComponentTests" name="test_same_speaker_but_missing_relationship_becomes_partial" time="0.001" /><testcase classname="tests.test_component_evidence.ComponentTests" name="test_saved_corrupt_output_is_still_rejected" time="0.001" /><testcase classname="tests.test_component_evidence.ComponentTests" name="test_source_passages_are_selected_not_generated" time="0.002" /><testcase classname="tests.test_component_evidence.ComponentTests" name="test_unicode_claim_text_is_sliced_not_regenerated" time="0.002" /><testcase classname="tests.test_ocr_layout.LayoutTests" name="test_ambiguous_layout_and_qualifiers_are_retained" time="0.002" /><testcase classname="tests.test_ocr_layout.LayoutTests" name="test_headline_keeps_negation_and_removes_separate_branding" time="0.003" /><testcase classname="tests.test_ocr_layout.LayoutTests" name="test_observed_image_geometry" time="0.001" /><testcase classname="tests.test_ocr_layout.LayoutTests" name="test_short_claim_with_smaller_footer" time="0.002" /><testcase classname="tests.test_ocr_serialization.OcrSerializationTests" name="test_native_coordinates_and_empty_results" time="0.001" /><testcase classname="tests.test_ocr_serialization.OcrSerializationTests" name="test_numpy_coordinates_serialize_in_public_and_debug_fields" time="0.006" /><testcase classname="tests.test_quote_evidence_retrieval.QuoteEvidenceRetrievalTests" name="test_event_query_preserves_padilla_wamil_context" time="0.002" /><testcase classname="tests.test_quote_evidence_retrieval.QuoteEvidenceRetrievalTests" name="test_quote_claims_reuse_abs_cbn_event_pool_and_score_paraphrases" time="0.013" /><testcase classname="tests.test_quote_evidence_retrieval.QuoteEvidenceRetrievalTests" name="test_trafilatura_fallback_clears_thin_extraction_floor" time="0.003" /><testcase classname="tests.test_text_boundaries" name="test_complete_attributed_utterance_survives_screening[&quot;Hindi po siya imbestigasyon. Evaluation po,&quot; the witness answered.]" time="0.012" /><testcase classname="tests.test_text_boundaries" name="test_complete_attributed_utterance_survives_screening[&quot;DO YOU AGREE?&quot; Wamil asked.]" time="0.002" /><testcase classname="tests.test_text_boundaries" name="test_complete_attributed_utterance_survives_screening[&quot;Do you believe agents should be identified? State their real names,&quot; Padilla said.]" time="0.003" /><testcase classname="tests.test_text_boundaries" name="test_complete_attributed_utterance_survives_screening[\u201cIt is not an investigation. It is an evaluation,\u201d Wamil replied.]" time="0.004" /><testcase classname="tests.test_text_boundaries" name="test_complete_attributed_utterance_survives_screening[\u201cWe should not ban it. We should examine the issue,\u201d Samaniego said.]" time="0.003" /><testcase classname="tests.test_text_boundaries" name="test_complete_attributed_utterance_survives_screening[&quot;If a child watches a film, should we close the cinema? Or check the ratings?&quot; he asked.]" time="0.004" /><testcase classname="tests.test_text_boundaries" name="test_complete_attributed_utterance_survives_screening[&quot;We must check the 'classified' records. Don't publish them,&quot; Wamil said.]" time="0.003" /><testcase classname="tests.test_text_boundaries" name="test_complete_attributed_utterance_survives_screening[&quot;Ang tunay na dahilan hindi 'yung laro. Tingnan ang isyu,&quot; Samaniego said.]" time="0.003" /><testcase classname="tests.test_text_boundaries" name="test_complete_attributed_utterance_survives_screening[&quot;Para 'yang sa MTRCB, merong rating. Kung may nakapanood na bata, ipapasara ba natin? Ganun lang 'yun,&quot; Samaniego said.]" time="0.003" /><testcase classname="tests.test_text_boundaries" name="test_complete_attributed_utterance_survives_screening[Wamil said, &quot;It is not an investigation.\nIt is an evaluation.&quot;]" time="0.002" /><testcase classname="tests.test_text_boundaries" name="test_complete_attributed_utterance_survives_screening[&quot;First part; second part.\nThird part,&quot; Wamil said.]" time="0.002" /><testcase classname="tests.test_text_boundaries" name="test_titles_do_not_break_names[SEC.]" time="0.001" /><testcase classname="tests.test_text_boundaries" name="test_titles_do_not_break_names[Sec.]" time="0.001" /><testcase classname="tests.test_text_boundaries" name="test_titles_do_not_break_names[sec.]" time="0.002" /><testcase classname="tests.test_text_boundaries" name="test_titles_do_not_break_names[Sen.]" time="0.001" /><testcase classname="tests.test_text_boundaries" name="test_titles_do_not_break_names[Atty.]" time="0.001" /><testcase classname="tests.test_text_boundaries" name="test_titles_do_not_break_names[Dr.]" time="0.001" /><testcase classname="tests.test_text_boundaries" name="test_titles_do_not_break_names[Gen.]" time="0.001" /><testcase classname="tests.test_text_boundaries" name="test_titles_do_not_break_names[Rep.]" time="0.002" /><testcase classname="tests.test_text_boundaries" name="test_edsa_headline_is_separate_and_unchanged" time="0.003" /><testcase classname="tests.test_text_boundaries" name="test_headline_followed_by_report_is_not_a_trailing_speech_tag" time="0.004" /><testcase classname="tests.test_text_boundaries" name="test_neighboring_sentences_and_quote_attribution_stay_separate" time="0.001" /><testcase classname="tests.test_text_boundaries" name="test_decimal_initials_and_apostrophes" time="0.001" /><testcase classname="tests.test_text_boundaries" name="test_unclosed_quote_does_not_swallow_later_paragraphs" time="0.001" /><testcase classname="tests.test_text_boundaries" name="test_long_quote_has_no_arbitrary_260_character_limit" time="0.006" /><testcase classname="tests.test_text_boundaries" name="test_unattributed_opinion_is_not_promoted_by_reporting_verb_inside_quotes" time="0.003" /><testcase classname="tests.test_text_boundaries" name="test_ai_advice_cannot_remove_complete_local_attribution" time="0.003" /><testcase classname="tests.test_trace" name="test_disabled_does_not_create_storage_or_expose_routes" time="0.007" /><testcase classname="tests.test_trace" name="test_rejected_and_exception_requests_survive[body0]" time="0.160" /><testcase classname="tests.test_trace" name="test_rejected_and_exception_requests_survive[body1]" time="0.061" /><testcase classname="tests.test_trace" name="test_rejected_and_exception_requests_survive[body2]" time="0.068" /><testcase classname="tests.test_trace" name="test_rejected_and_exception_requests_survive[body3]" time="0.048" /><testcase classname="tests.test_trace" name="test_malformed_json_keeps_http_contract" time="0.054" /><testcase classname="tests.test_trace" name="test_error_dictionary_is_not_hidden_by_completed_call" time="0.090" /><testcase classname="tests.test_trace" name="test_multi_claim_response_is_unchanged_and_scoped" time="0.389" /><testcase classname="tests.test_trace" name="test_active_concurrent_requests_and_worker_context_are_isolated" time="0.065" /><testcase classname="tests.test_trace" name="test_input_summaries_are_snapshots_and_redacted" time="0.001" /><testcase classname="tests.test_trace" name="test_cache_bypass_never_reads_or_writes_cache" time="0.057" /><testcase classname="tests.test_trace" name="test_partial_layout_does_not_run_downstream" time="0.059" /><testcase classname="tests.test_trace" name="test_missing_replay_response_never_calls_dependency" time="0.048" /><testcase classname="tests.test_trace" name="test_safe_capture_failure_does_not_replace_result" time="0.044" /><testcase classname="tests.test_trace" name="test_routes_protect_history_and_mutations" time="0.059" /><testcase classname="tests.test_trace" name="test_calibration_and_assertions_are_separate" time="0.156" /><testcase classname="tests.test_trace" name="test_async_calibration_job_is_visible" time="0.071" /><testcase classname="tests.test_trace" name="test_retention_does_not_delete_active_requests" time="0.061" /><testcase classname="tests.test_trace" name="test_invalid_or_ambiguous_stop_is_rejected" time="0.002" /><testcase classname="tests.test_trace" name="test_scoped_stop_only_stops_selected_claim" time="0.065" /><testcase classname="tests.test_trace" name="test_skipped_scoped_target_does_not_continue_to_next_claim" time="0.048" /><testcase classname="tests.test_trace" name="test_stop_configuration_does_not_hide_real_failure" time="0.067" /><testcase classname="tests.test_trace" name="test_recorded_text_replay_uses_saved_dependencies" time="5.414" /><testcase classname="tests.test_trace" name="test_redacted_recordings_are_not_claimed_replayable" time="0.076" /><testcase classname="tests.test_translation_provider" name="test_structured_provider_and_timeout_settings" time="0.010" /><testcase classname="tests.test_translation_provider" name="test_invalid_translation_is_rejected[rows0]" time="0.003" /><testcase classname="tests.test_translation_provider" name="test_invalid_translation_is_rejected[rows1]" time="0.003" /><testcase classname="tests.test_translation_provider" name="test_invalid_translation_is_rejected[rows2]" time="0.003" /><testcase classname="tests.test_translation_provider" name="test_invalid_translation_is_rejected[rows3]" time="0.003" /><testcase classname="tests.test_translation_provider" name="test_invalid_translation_is_rejected[rows4]" time="0.003" /><testcase classname="tests.test_translation_provider" name="test_invalid_translation_is_rejected[rows5]" time="0.004" /><testcase classname="tests.test_translation_provider" name="test_invalid_translation_is_rejected[rows6]" time="0.003" /><testcase classname="tests.test_translation_provider" name="test_invalid_translation_is_rejected[rows7]" time="0.003" /><testcase classname="tests.test_translation_provider" name="test_missing_or_changed_currency_is_rejected" time="0.003" /><testcase classname="tests.test_translation_provider" name="test_reordered_or_missing_segments_are_rejected" time="0.002" /><testcase classname="tests.test_translation_provider" name="test_truncation_and_refusal_return_original[length-None]" time="0.006" /><testcase classname="tests.test_translation_provider" name="test_truncation_and_refusal_return_original[stop-Cannot comply]" time="0.006" /><testcase classname="tests.test_translation_provider" name="test_deadline_cancels_request_and_preserves_original" time="0.039" /><testcase classname="tests.test_translation_provider" name="test_provider_error_preserves_entire_original[failure0]" time="0.005" /><testcase classname="tests.test_translation_provider" name="test_provider_error_preserves_entire_original[failure1]" time="0.005" /><testcase classname="tests.test_translation_provider" name="test_missing_key_never_calls_provider" time="0.003" /><testcase classname="tests.test_translation_provider" name="test_timeout_configuration_is_bounded[nan-45]" time="0.002" /><testcase classname="tests.test_translation_provider" name="test_timeout_configuration_is_bounded[inf-45]" time="0.003" /><testcase classname="tests.test_translation_provider" name="test_timeout_configuration_is_bounded[bad-45]" time="0.002" /><testcase classname="tests.test_translation_provider" name="test_timeout_configuration_is_bounded[-1-1]" time="0.003" /><testcase classname="tests.test_translation_provider" name="test_timeout_configuration_is_bounded[999-120]" time="0.002" /><testcase classname="tests.test_translation_provider" name="test_timeout_configuration_is_bounded[30-30]" time="0.002" /><testcase classname="tests.test_translation_screening" name="test_failed_translation_preserves_original_and_records_reason[None]" time="0.003" /><testcase classname="tests.test_translation_screening" name="test_failed_translation_preserves_original_and_records_reason[]" time="0.004" /><testcase classname="tests.test_translation_screening" name="test_failed_translation_preserves_original_and_records_reason[ \n]" time="0.003" /><testcase classname="tests.test_translation_screening" name="test_failed_translation_preserves_original_and_records_reason[value3]" time="0.003" /><testcase classname="tests.test_translation_screening" name="test_failed_translation_preserves_original_and_records_reason[value4]" time="0.004" /><testcase classname="tests.test_translation_screening" name="test_failed_translation_preserves_original_and_records_reason[500]" time="0.003" /><testcase classname="tests.test_translation_screening" name="test_failed_translation_preserves_original_and_records_reason[Error 500 (Server Error)!!1500.That's an error. Please try again later.]" time="0.003" /><testcase classname="tests.test_translation_screening" name="test_failed_translation_preserves_original_and_records_reason[&lt;!doctype html&gt;&lt;html&gt;&lt;body&gt;Service error&lt;/body&gt;&lt;/html&gt;]" time="0.003" /><testcase classname="tests.test_translation_screening" name="test_failed_translation_preserves_original_and_records_reason[HTTP 503 Service Unavailable]" time="0.003" /><testcase classname="tests.test_translation_screening" name="test_failed_translation_preserves_original_and_records_reason[Too Many Requests]" time="0.003" /><testcase classname="tests.test_translation_screening" name="test_failed_translation_preserves_original_and_records_reason[{&quot;error&quot;: &quot;quota exceeded&quot;}]" time="0.002" /><testcase classname="tests.test_translation_screening" name="test_failed_translation_preserves_original_and_records_reason[{&quot;status&quot;: 500, &quot;message&quot;: &quot;failed&quot;}]" time="0.005" /><testcase classname="tests.test_translation_screening" name="test_valid_translation_and_english_bypass" time="0.007" /><testcase classname="tests.test_translation_screening" name="test_provider_failures_do_not_escape_as_claim_text[Error 500 (Server Error)!!1500.That's an error. Please try again later.]" time="0.005" /><testcase classname="tests.test_translation_screening" name="test_provider_failures_do_not_escape_as_claim_text[failure1]" time="0.007" /><testcase classname="tests.test_translation_screening" name="test_console_encoding_cannot_change_a_successful_translation" time="0.005" /><testcase classname="tests.test_translation_screening" name="test_original_posts_about_server_errors_are_not_erased" time="0.002" /><testcase classname="tests.test_translation_screening" name="test_uncertain_but_checkable_trace_inputs_reach_extraction_without_ai[4]" time="0.008" /><testcase classname="tests.test_translation_screening" name="test_uncertain_but_checkable_trace_inputs_reach_extraction_without_ai[6]" time="0.026" /><testcase classname="tests.test_translation_screening" name="test_uncertain_but_checkable_trace_inputs_reach_extraction_without_ai[9]" time="0.006" /><testcase classname="tests.test_translation_screening" name="test_uncertain_but_checkable_trace_inputs_reach_extraction_without_ai[10]" time="0.007" /><testcase classname="tests.test_translation_screening" name="test_weak_scores_do_not_drop_edsa_factual_paragraphs" time="0.027" /><testcase classname="tests.test_translation_screening" name="test_numeric_amount_negation_and_imaginary_qualifier_are_preserved" time="0.012" /><testcase classname="tests.test_translation_screening" name="test_clear_nonclaims_are_still_skipped[Sa tingin ko, masama ang bagong policy.-stop_opinion_detected]" time="0.004" /><testcase classname="tests.test_translation_screening" name="test_clear_nonclaims_are_still_skipped[The economy will collapse next year.-stop_forecast_projection]" time="0.006" /><testcase classname="tests.test_translation_screening" name="test_clear_nonclaims_are_still_skipped[Please share this with all your friends.-stop_opinion_detected]" time="0.005" /><testcase classname="tests.test_translation_screening" name="test_clear_nonclaims_are_still_skipped[haha lol this is a joke-stop_no_checkable_claims]" time="0.004" /><testcase classname="tests.test_translation_screening" name="test_clear_nonclaims_are_still_skipped[HAVE YOU ALREADY VISITED BARMM?-stop_no_checkable_claims]" time="0.004" /><testcase classname="tests.test_translation_screening" name="test_scheduled_announcement_is_not_forecast_accuracy" time="0.005" /><testcase classname="tests.test_translation_screening" name="test_mixed_post_keeps_fact_and_excludes_opinion" time="0.005" /><testcase classname="tests.test_translation_screening" name="test_positive_ai_advice_is_not_vetoed_by_zero_confidence" time="0.007" /><testcase classname="tests.test_translation_screening" name="test_malformed_or_unmatched_advice_does_not_promote_clear_opinion[None]" time="0.005" /><testcase classname="tests.test_translation_screening" name="test_malformed_or_unmatched_advice_does_not_promote_clear_opinion[result1]" time="0.005" /><testcase classname="tests.test_translation_screening" name="test_malformed_or_unmatched_advice_does_not_promote_clear_opinion[result2]" time="0.004" /><testcase classname="tests.test_translation_screening" name="test_malformed_or_unmatched_advice_does_not_promote_clear_opinion[result3]" time="0.005" /><testcase classname="tests.test_translation_screening" name="test_malformed_or_unmatched_advice_does_not_promote_clear_opinion[result4]" time="0.004" /><testcase classname="tests.test_translation_screening" name="test_malformed_or_unmatched_advice_does_not_promote_clear_opinion[result5]" time="0.005" /><testcase classname="tests.test_translation_screening" name="test_unavailable_advisor_does_not_discard_possible_claims" time="0.008" /><testcase classname="tests.test_translation_screening" name="test_application_passes_original_claim_candidates_to_extractor[4]" time="0.012" /><testcase classname="tests.test_translation_screening" name="test_application_passes_original_claim_candidates_to_extractor[6]" time="0.043" /><testcase classname="tests.test_translation_screening" name="test_application_passes_original_claim_candidates_to_extractor[9]" time="0.012" /><testcase classname="tests.test_translation_screening" name="test_application_passes_original_claim_candidates_to_extractor[10]" time="0.016" /></testsuite></testsuites>