<?xml version="1.0" encoding="utf-8"?><testsuites name="pytest tests"><testsuite name="pytest" errors="0" failures="0" skipped="1" tests="50" time="24.886" timestamp="2026-09-13T14:00:40.288178+08:00" hostname="BANEYNEY"><testcase classname="tests.test_claim_coverage" name="test_no_ten_claim_truncation" time="0.004" /><testcase classname="tests.test_claim_coverage" name="test_profiler_does_not_drop_sentences_after_thirty" time="0.005" /><testcase classname="tests.test_claim_coverage" name="test_deduplication_preserves_late_qualifiers_and_negation" time="0.001" /><testcase classname="tests.test_claim_coverage" name="test_quote_punctuation_duplicate_but_different_speaker_is_not" time="0.002" /><testcase classname="tests.test_claim_coverage" name="test_ledger_rejects_missing_sentences_or_unlinked_claims" time="0.001" /><testcase classname="tests.test_claim_coverage" name="test_reviewed_inventory_not_overwritten_by_longer_local_fallback" time="0.006" /><testcase classname="tests.test_claim_coverage" name="test_claim_cache_separates_identical_words_in_different_events" time="0.001" /><testcase classname="tests.test_component_evidence.ComponentTests" name="test_api_failure_is_not_a_verdict" time="0.004" /><testcase classname="tests.test_component_evidence.ComponentTests" name="test_both_requests_explicitly_request_json" time="0.003" /><testcase classname="tests.test_component_evidence.ComponentTests" name="test_broken_partition_never_reaches_evidence_assessment" time="0.003" /><testcase classname="tests.test_component_evidence.ComponentTests" name="test_failure_cannot_reuse_positive_fallback_or_write_cache" time="0.004" /><testcase classname="tests.test_component_evidence.ComponentTests" name="test_full_and_partial_support" time="0.003" /><testcase classname="tests.test_component_evidence.ComponentTests" name="test_http_error_has_no_verdict_or_evidence" time="0.012" /><testcase classname="tests.test_component_evidence.ComponentTests" name="test_incomplete_review_cannot_be_accepted" time="0.004" /><testcase classname="tests.test_component_evidence.ComponentTests" name="test_independent_check_receives_unverified_context_and_cannot_reuse_proposed_verdict" time="0.006" /><testcase classname="tests.test_component_evidence.ComponentTests" name="test_invalid_boundary_ids_cannot_drop_text" time="0.004" /><testcase classname="tests.test_component_evidence.ComponentTests" name="test_invented_url_and_passage_rejected" time="0.001" /><testcase classname="tests.test_component_evidence.ComponentTests" name="test_malformed_assessment_is_a_processing_failure" time="0.002" /><testcase classname="tests.test_component_evidence.ComponentTests" name="test_omitted_or_rewritten_component_rejected" time="0.001" /><testcase classname="tests.test_component_evidence.ComponentTests" name="test_real_passage_from_wrong_event_cannot_support_investigation" time="0.001" /><testcase classname="tests.test_component_evidence.ComponentTests" name="test_same_speaker_but_missing_relationship_becomes_partial" time="0.002" /><testcase classname="tests.test_component_evidence.ComponentTests" name="test_saved_corrupt_output_is_still_rejected" time="0.002" /><testcase classname="tests.test_component_evidence.ComponentTests" name="test_unicode_claim_text_is_sliced_not_regenerated" time="0.002" /><testcase classname="tests.test_claim_extraction_decomposition.ClaimExtractionDecompositionTests" name="test_full_original_post_matches_manual_claim_count" time="0.002"><skipped type="pytest.skip" message="Fill in FULL_POST and EXPECTED_COUNT after manual read-through.">C:\Users\aquarius12\Documents\Codex\2026-07-02\hi-2\iris\iris-backend\tests\test_claim_extraction_decomposition.py:72: Fill in FULL_POST and EXPECTED_COUNT after manual read-through.</skipped></testcase><testcase classname="tests.test_claim_extraction_decomposition.ClaimExtractionDecompositionTests" name="test_pardon_sentence_alone_yields_three_claims" time="0.014" /><testcase classname="tests.test_claim_extraction_decomposition.ClaimExtractionDecompositionTests" name="test_pardon_sentence_with_plain_neighbors_still_yields_three_claims" time="0.009" /><testcase classname="tests.test_claim_extraction_decomposition.ClaimExtractionDecompositionTests" name="test_two_dense_sentences_together_yield_four_claims" time="0.014" /><testcase classname="tests.test_quote_evidence_retrieval.QuoteEvidenceRetrievalTests" name="test_event_query_preserves_padilla_wamil_context" time="0.002" /><testcase classname="tests.test_quote_evidence_retrieval.QuoteEvidenceRetrievalTests" name="test_quote_claims_reuse_abs_cbn_event_pool_and_score_paraphrases" time="0.016" /><testcase classname="tests.test_quote_evidence_retrieval.QuoteEvidenceRetrievalTests" name="test_trafilatura_fallback_clears_thin_extraction_floor" time="0.003" /></testsuite></testsuites>